<?xml version="1.0" encoding="UTF-8" ?>
<testsuite failures="0" time="3.384" errors="0" skipped="0" tests="1" name="com.kiteflo.simpsons.testcases.TestPopulation">
  <properties>
    <property name="java.runtime.name" value="Java(TM) SE Runtime Environment"/>
    <property name="sun.boot.library.path" value="/System/Library/Java/JavaVirtualMachines/1.6.0.jdk/Contents/Libraries"/>
    <property name="java.vm.version" value="20.45-b01-451"/>
    <property name="awt.nativeDoubleBuffering" value="true"/>
    <property name="gopherProxySet" value="false"/>
    <property name="mrj.build" value="11M4406"/>
    <property name="java.vm.vendor" value="Apple Inc."/>
    <property name="java.vendor.url" value="http://www.apple.com/"/>
    <property name="path.separator" value=":"/>
    <property name="java.vm.name" value="Java HotSpot(TM) 64-Bit Server VM"/>
    <property name="file.encoding.pkg" value="sun.io"/>
    <property name="user.country" value="DE"/>
    <property name="sun.java.launcher" value="SUN_STANDARD"/>
    <property name="sun.os.patch.level" value="unknown"/>
    <property name="java.vm.specification.name" value="Java Virtual Machine Specification"/>
    <property name="user.dir" value="/Users/tzhmufl2/development/repositories/SimpsonsAPI"/>
    <property name="java.runtime.version" value="1.6.0_45-b06-451-11M4406"/>
    <property name="java.awt.graphicsenv" value="apple.awt.CGraphicsEnvironment"/>
    <property name="basedir" value="/Users/tzhmufl2/development/repositories/SimpsonsAPI"/>
    <property name="java.endorsed.dirs" value="/System/Library/Java/JavaVirtualMachines/1.6.0.jdk/Contents/Home/lib/endorsed"/>
    <property name="os.arch" value="x86_64"/>
    <property name="surefire.real.class.path" value="/var/folders/cp/jgr3b23d225fr26qvf6wvvfr0000gn/T/surefirebooter4906643386979582965.jar"/>
    <property name="java.io.tmpdir" value="/var/folders/cp/jgr3b23d225fr26qvf6wvvfr0000gn/T/"/>
    <property name="line.separator" value="
"/>
    <property name="java.vm.specification.vendor" value="Sun Microsystems Inc."/>
    <property name="os.name" value="Mac OS X"/>
    <property name="sun.jnu.encoding" value="MacRoman"/>
    <property name="java.library.path" value=".:/Library/Java/Extensions:/System/Library/Java/Extensions:/usr/lib/java"/>
    <property name="surefire.test.class.path" value="/Users/tzhmufl2/development/repositories/SimpsonsAPI/target/test-classes:/Users/tzhmufl2/development/repositories/SimpsonsAPI/target/classes:/Users/tzhmufl2/.m2/repository/com/sun/jersey/jersey-core/1.8/jersey-core-1.8.jar:/Users/tzhmufl2/.m2/repository/com/sun/jersey/jersey-server/1.8/jersey-server-1.8.jar:/Users/tzhmufl2/.m2/repository/asm/asm/3.1/asm-3.1.jar:/Users/tzhmufl2/.m2/repository/com/sun/jersey/jersey-json/1.8/jersey-json-1.8.jar:/Users/tzhmufl2/.m2/repository/org/codehaus/jettison/jettison/1.1/jettison-1.1.jar:/Users/tzhmufl2/.m2/repository/stax/stax-api/1.0.1/stax-api-1.0.1.jar:/Users/tzhmufl2/.m2/repository/com/sun/xml/bind/jaxb-impl/2.2.3-1/jaxb-impl-2.2.3-1.jar:/Users/tzhmufl2/.m2/repository/javax/xml/bind/jaxb-api/2.2.2/jaxb-api-2.2.2.jar:/Users/tzhmufl2/.m2/repository/javax/xml/stream/stax-api/1.0-2/stax-api-1.0-2.jar:/Users/tzhmufl2/.m2/repository/javax/activation/activation/1.1/activation-1.1.jar:/Users/tzhmufl2/.m2/repository/org/codehaus/jackson/jackson-core-asl/1.7.1/jackson-core-asl-1.7.1.jar:/Users/tzhmufl2/.m2/repository/org/codehaus/jackson/jackson-mapper-asl/1.7.1/jackson-mapper-asl-1.7.1.jar:/Users/tzhmufl2/.m2/repository/org/codehaus/jackson/jackson-jaxrs/1.7.1/jackson-jaxrs-1.7.1.jar:/Users/tzhmufl2/.m2/repository/org/codehaus/jackson/jackson-xc/1.7.1/jackson-xc-1.7.1.jar:/Users/tzhmufl2/.m2/repository/org/springframework/data/spring-data-neo4j/2.2.0.RELEASE/spring-data-neo4j-2.2.0.RELEASE.jar:/Users/tzhmufl2/.m2/repository/org/springframework/spring-tx/3.1.4.RELEASE/spring-tx-3.1.4.RELEASE.jar:/Users/tzhmufl2/.m2/repository/aopalliance/aopalliance/1.0/aopalliance-1.0.jar:/Users/tzhmufl2/.m2/repository/org/springframework/spring-beans/3.1.4.RELEASE/spring-beans-3.1.4.RELEASE.jar:/Users/tzhmufl2/.m2/repository/org/springframework/spring-aspects/3.1.4.RELEASE/spring-aspects-3.1.4.RELEASE.jar:/Users/tzhmufl2/.m2/repository/org/springframework/spring-core/3.1.4.RELEASE/spring-core-3.1.4.RELEASE.jar:/Users/tzhmufl2/.m2/repository/org/springframework/spring-expression/3.1.4.RELEASE/spring-expression-3.1.4.RELEASE.jar:/Users/tzhmufl2/.m2/repository/org/springframework/data/spring-data-commons/1.5.0.RELEASE/spring-data-commons-1.5.0.RELEASE.jar:/Users/tzhmufl2/.m2/repository/org/neo4j/neo4j-cypher-dsl/1.9.M04/neo4j-cypher-dsl-1.9.M04.jar:/Users/tzhmufl2/.m2/repository/org/neo4j/neo4j/1.8.1/neo4j-1.8.1.jar:/Users/tzhmufl2/.m2/repository/org/neo4j/neo4j-kernel/1.8.1/neo4j-kernel-1.8.1.jar:/Users/tzhmufl2/.m2/repository/org/apache/geronimo/specs/geronimo-jta_1.1_spec/1.1.1/geronimo-jta_1.1_spec-1.1.1.jar:/Users/tzhmufl2/.m2/repository/org/neo4j/neo4j-lucene-index/1.8.1/neo4j-lucene-index-1.8.1.jar:/Users/tzhmufl2/.m2/repository/org/apache/lucene/lucene-core/3.5.0/lucene-core-3.5.0.jar:/Users/tzhmufl2/.m2/repository/org/neo4j/neo4j-graph-algo/1.8.1/neo4j-graph-algo-1.8.1.jar:/Users/tzhmufl2/.m2/repository/org/neo4j/neo4j-udc/1.8.1/neo4j-udc-1.8.1.jar:/Users/tzhmufl2/.m2/repository/org/neo4j/neo4j-graph-matching/1.8.1/neo4j-graph-matching-1.8.1.jar:/Users/tzhmufl2/.m2/repository/org/neo4j/neo4j-jmx/1.8.1/neo4j-jmx-1.8.1.jar:/Users/tzhmufl2/.m2/repository/org/neo4j/neo4j-cypher/1.8.1/neo4j-cypher-1.8.1.jar:/Users/tzhmufl2/.m2/repository/org/scala-lang/scala-library/2.9.1-1/scala-library-2.9.1-1.jar:/Users/tzhmufl2/.m2/repository/com/googlecode/concurrentlinkedhashmap/concurrentlinkedhashmap-lru/1.3.1/concurrentlinkedhashmap-lru-1.3.1.jar:/Users/tzhmufl2/.m2/repository/org/slf4j/slf4j-api/1.7.1/slf4j-api-1.7.1.jar:/Users/tzhmufl2/.m2/repository/org/slf4j/jcl-over-slf4j/1.7.1/jcl-over-slf4j-1.7.1.jar:/Users/tzhmufl2/.m2/repository/org/springframework/spring-test/2.5/spring-test-2.5.jar:/Users/tzhmufl2/.m2/repository/commons-logging/commons-logging/1.1/commons-logging-1.1.jar:/Users/tzhmufl2/.m2/repository/org/springframework/spring-context/3.1.1.RELEASE/spring-context-3.1.1.RELEASE.jar:/Users/tzhmufl2/.m2/repository/org/springframework/spring-aop/3.1.1.RELEASE/spring-aop-3.1.1.RELEASE.jar:/Users/tzhmufl2/.m2/repository/org/springframework/spring-asm/3.1.1.RELEASE/spring-asm-3.1.1.RELEASE.jar:/Users/tzhmufl2/.m2/repository/org/springframework/spring-webmvc/3.1.1.RELEASE/spring-webmvc-3.1.1.RELEASE.jar:/Users/tzhmufl2/.m2/repository/org/springframework/spring-context-support/3.1.1.RELEASE/spring-context-support-3.1.1.RELEASE.jar:/Users/tzhmufl2/.m2/repository/org/springframework/spring-web/3.1.1.RELEASE/spring-web-3.1.1.RELEASE.jar:/Users/tzhmufl2/.m2/repository/org/aspectj/aspectjrt/1.6.10/aspectjrt-1.6.10.jar:/Users/tzhmufl2/.m2/repository/log4j/log4j/1.2.15/log4j-1.2.15.jar:/Users/tzhmufl2/.m2/repository/javax/inject/javax.inject/1/javax.inject-1.jar:/Users/tzhmufl2/.m2/repository/javax/servlet/servlet-api/2.5/servlet-api-2.5.jar:/Users/tzhmufl2/.m2/repository/javax/servlet/jsp/jsp-api/2.1/jsp-api-2.1.jar:/Users/tzhmufl2/.m2/repository/javax/servlet/jstl/1.2/jstl-1.2.jar:/Users/tzhmufl2/.m2/repository/junit/junit/4.4/junit-4.4.jar:/Users/tzhmufl2/.m2/repository/cglib/cglib/2.2.2/cglib-2.2.2.jar:/Users/tzhmufl2/.m2/repository/org/hibernate/hibernate-validator/4.3.1.Final/hibernate-validator-4.3.1.Final.jar:/Users/tzhmufl2/.m2/repository/javax/validation/validation-api/1.0.0.GA/validation-api-1.0.0.GA.jar:/Users/tzhmufl2/.m2/repository/org/jboss/logging/jboss-logging/3.1.0.CR2/jboss-logging-3.1.0.CR2.jar:/Users/tzhmufl2/.m2/repository/com/github/jsimone/webapp-runner/7.0.22.3/webapp-runner-7.0.22.3.jar:/Users/tzhmufl2/.m2/repository/org/apache/tomcat/embed/tomcat-embed-core/7.0.22/tomcat-embed-core-7.0.22.jar:/Users/tzhmufl2/.m2/repository/org/apache/tomcat/embed/tomcat-embed-logging-juli/7.0.22/tomcat-embed-logging-juli-7.0.22.jar:/Users/tzhmufl2/.m2/repository/org/apache/tomcat/embed/tomcat-embed-jasper/7.0.22/tomcat-embed-jasper-7.0.22.jar:/Users/tzhmufl2/.m2/repository/org/apache/tomcat/tomcat-jasper/7.0.22/tomcat-jasper-7.0.22.jar:/Users/tzhmufl2/.m2/repository/org/apache/tomcat/tomcat-servlet-api/7.0.22/tomcat-servlet-api-7.0.22.jar:/Users/tzhmufl2/.m2/repository/org/apache/tomcat/tomcat-juli/7.0.22/tomcat-juli-7.0.22.jar:/Users/tzhmufl2/.m2/repository/org/apache/tomcat/tomcat-el-api/7.0.22/tomcat-el-api-7.0.22.jar:/Users/tzhmufl2/.m2/repository/org/eclipse/jdt/core/compiler/ecj/3.7/ecj-3.7.jar:/Users/tzhmufl2/.m2/repository/org/apache/tomcat/tomcat-api/7.0.22/tomcat-api-7.0.22.jar:/Users/tzhmufl2/.m2/repository/org/apache/tomcat/tomcat-util/7.0.22/tomcat-util-7.0.22.jar:/Users/tzhmufl2/.m2/repository/org/apache/tomcat/tomcat-jasper-el/7.0.22/tomcat-jasper-el-7.0.22.jar:/Users/tzhmufl2/.m2/repository/org/apache/tomcat/tomcat-jsp-api/7.0.22/tomcat-jsp-api-7.0.22.jar:/Users/tzhmufl2/.m2/repository/de/javakaffee/msm/memcached-session-manager-tc7/1.6.1/memcached-session-manager-tc7-1.6.1.jar:/Users/tzhmufl2/.m2/repository/de/javakaffee/msm/memcached-session-manager/1.6.1/memcached-session-manager-1.6.1.jar:/Users/tzhmufl2/.m2/repository/spy/spymemcached/2.7.3/spymemcached-2.7.3.jar:/Users/tzhmufl2/.m2/repository/org/jboss/netty/netty/3.2.0.Final/netty-3.2.0.Final.jar:/Users/tzhmufl2/.m2/repository/commons-codec/commons-codec/1.5/commons-codec-1.5.jar:/Users/tzhmufl2/.m2/repository/org/apache/tomcat/tomcat-catalina/7.0.23/tomcat-catalina-7.0.23.jar:/Users/tzhmufl2/.m2/repository/org/apache/tomcat/tomcat-annotations-api/7.0.23/tomcat-annotations-api-7.0.23.jar:/Users/tzhmufl2/.m2/repository/org/apache/tomcat/tomcat-catalina-ha/7.0.23/tomcat-catalina-ha-7.0.23.jar:/Users/tzhmufl2/.m2/repository/org/apache/tomcat/tomcat-tribes/7.0.23/tomcat-tribes-7.0.23.jar:/Users/tzhmufl2/.m2/repository/org/apache/tomcat/tomcat-coyote/7.0.23/tomcat-coyote-7.0.23.jar:/Users/tzhmufl2/.m2/repository/com/google/code/findbugs/jsr305/1.3.9/jsr305-1.3.9.jar:/Users/tzhmufl2/.m2/repository/com/google/code/findbugs/annotations/1.3.9/annotations-1.3.9.jar:/Users/tzhmufl2/.m2/repository/com/sun/jersey/contribs/jersey-spring/1.8/jersey-spring-1.8.jar:/Users/tzhmufl2/.m2/repository/org/neo4j/app/neo4j-server/1.8.2/neo4j-server-1.8.2.jar:/Users/tzhmufl2/.m2/repository/org/neo4j/server-api/1.8.2/server-api-1.8.2.jar:/Users/tzhmufl2/.m2/repository/org/neo4j/3rdparty/javax/ws/rs/jsr311-api/1.1.2.r612/jsr311-api-1.1.2.r612.jar:/Users/tzhmufl2/.m2/repository/ch/qos/logback/logback-classic/0.9.30/logback-classic-0.9.30.jar:/Users/tzhmufl2/.m2/repository/ch/qos/logback/logback-core/0.9.30/logback-core-0.9.30.jar:/Users/tzhmufl2/.m2/repository/ch/qos/logback/logback-access/0.9.30/logback-access-0.9.30.jar:/Users/tzhmufl2/.m2/repository/janino/janino/2.5.10/janino-2.5.10.jar:/Users/tzhmufl2/.m2/repository/org/mortbay/jetty/jetty/6.1.25/jetty-6.1.25.jar:/Users/tzhmufl2/.m2/repository/org/mortbay/jetty/jetty-util/6.1.25/jetty-util-6.1.25.jar:/Users/tzhmufl2/.m2/repository/org/mortbay/jetty/servlet-api/2.5-20081211/servlet-api-2.5-20081211.jar:/Users/tzhmufl2/.m2/repository/commons-configuration/commons-configuration/1.6/commons-configuration-1.6.jar:/Users/tzhmufl2/.m2/repository/commons-collections/commons-collections/3.2.1/commons-collections-3.2.1.jar:/Users/tzhmufl2/.m2/repository/commons-lang/commons-lang/2.4/commons-lang-2.4.jar:/Users/tzhmufl2/.m2/repository/commons-beanutils/commons-beanutils-core/1.8.0/commons-beanutils-core-1.8.0.jar:/Users/tzhmufl2/.m2/repository/commons-digester/commons-digester/1.8.1/commons-digester-1.8.1.jar:/Users/tzhmufl2/.m2/repository/commons-beanutils/commons-beanutils/1.8.0/commons-beanutils-1.8.0.jar:/Users/tzhmufl2/.m2/repository/commons-io/commons-io/1.4/commons-io-1.4.jar:/Users/tzhmufl2/.m2/repository/com/tinkerpop/gremlin/gremlin-groovy/1.5/gremlin-groovy-1.5.jar:/Users/tzhmufl2/.m2/repository/com/tinkerpop/gremlin/gremlin-java/1.5/gremlin-java-1.5.jar:/Users/tzhmufl2/.m2/repository/com/tinkerpop/pipes/1.0/pipes-1.0.jar:/Users/tzhmufl2/.m2/repository/org/codehaus/groovy/groovy/1.8.5/groovy-1.8.5.jar:/Users/tzhmufl2/.m2/repository/antlr/antlr/2.7.7/antlr-2.7.7.jar:/Users/tzhmufl2/.m2/repository/asm/asm-commons/3.2/asm-commons-3.2.jar:/Users/tzhmufl2/.m2/repository/asm/asm-util/3.2/asm-util-3.2.jar:/Users/tzhmufl2/.m2/repository/asm/asm-analysis/3.2/asm-analysis-3.2.jar:/Users/tzhmufl2/.m2/repository/asm/asm-tree/3.2/asm-tree-3.2.jar:/Users/tzhmufl2/.m2/repository/org/fusesource/jansi/jansi/1.5/jansi-1.5.jar:/Users/tzhmufl2/.m2/repository/com/tinkerpop/blueprints/blueprints-neo4j-graph/1.2/blueprints-neo4j-graph-1.2.jar:/Users/tzhmufl2/.m2/repository/com/tinkerpop/blueprints/blueprints-core/1.2/blueprints-core-1.2.jar:/Users/tzhmufl2/.m2/repository/org/rrd4j/rrd4j/2.0.7/rrd4j-2.0.7.jar:/Users/tzhmufl2/.m2/repository/com/sun/jersey/contribs/jersey-multipart/1.9/jersey-multipart-1.9.jar:/Users/tzhmufl2/.m2/repository/org/jvnet/mimepull/1.6/mimepull-1.6.jar:/Users/tzhmufl2/.m2/repository/org/neo4j/neo4j-shell/1.8.2/neo4j-shell-1.8.2.jar:/Users/tzhmufl2/.m2/repository/org/apache/servicemix/bundles/org.apache.servicemix.bundles.jline/0.9.94_1/org.apache.servicemix.bundles.jline-0.9.94_1.jar:/Users/tzhmufl2/.m2/repository/bouncycastle/bcprov-jdk16/140/bcprov-jdk16-140.jar:/Users/tzhmufl2/.m2/repository/org/neo4j/app/neo4j-server/1.8.2/neo4j-server-1.8.2-static-web.jar:"/>
    <property name="java.specification.name" value="Java Platform API Specification"/>
    <property name="java.class.version" value="50.0"/>
    <property name="sun.management.compiler" value="HotSpot 64-Bit Tiered Compilers"/>
    <property name="os.version" value="10.8.3"/>
    <property name="user.home" value="/Users/tzhmufl2"/>
    <property name="user.timezone" value="Europe/Zurich"/>
    <property name="java.awt.printerjob" value="apple.awt.CPrinterJob"/>
    <property name="java.specification.version" value="1.6"/>
    <property name="file.encoding" value="MacRoman"/>
    <property name="user.name" value="tzhmufl2"/>
    <property name="java.class.path" value="/Users/tzhmufl2/development/repositories/SimpsonsAPI/target/test-classes:/Users/tzhmufl2/development/repositories/SimpsonsAPI/target/classes:/Users/tzhmufl2/.m2/repository/com/sun/jersey/jersey-core/1.8/jersey-core-1.8.jar:/Users/tzhmufl2/.m2/repository/com/sun/jersey/jersey-server/1.8/jersey-server-1.8.jar:/Users/tzhmufl2/.m2/repository/asm/asm/3.1/asm-3.1.jar:/Users/tzhmufl2/.m2/repository/com/sun/jersey/jersey-json/1.8/jersey-json-1.8.jar:/Users/tzhmufl2/.m2/repository/org/codehaus/jettison/jettison/1.1/jettison-1.1.jar:/Users/tzhmufl2/.m2/repository/stax/stax-api/1.0.1/stax-api-1.0.1.jar:/Users/tzhmufl2/.m2/repository/com/sun/xml/bind/jaxb-impl/2.2.3-1/jaxb-impl-2.2.3-1.jar:/Users/tzhmufl2/.m2/repository/javax/xml/bind/jaxb-api/2.2.2/jaxb-api-2.2.2.jar:/Users/tzhmufl2/.m2/repository/javax/xml/stream/stax-api/1.0-2/stax-api-1.0-2.jar:/Users/tzhmufl2/.m2/repository/javax/activation/activation/1.1/activation-1.1.jar:/Users/tzhmufl2/.m2/repository/org/codehaus/jackson/jackson-core-asl/1.7.1/jackson-core-asl-1.7.1.jar:/Users/tzhmufl2/.m2/repository/org/codehaus/jackson/jackson-mapper-asl/1.7.1/jackson-mapper-asl-1.7.1.jar:/Users/tzhmufl2/.m2/repository/org/codehaus/jackson/jackson-jaxrs/1.7.1/jackson-jaxrs-1.7.1.jar:/Users/tzhmufl2/.m2/repository/org/codehaus/jackson/jackson-xc/1.7.1/jackson-xc-1.7.1.jar:/Users/tzhmufl2/.m2/repository/org/springframework/data/spring-data-neo4j/2.2.0.RELEASE/spring-data-neo4j-2.2.0.RELEASE.jar:/Users/tzhmufl2/.m2/repository/org/springframework/spring-tx/3.1.4.RELEASE/spring-tx-3.1.4.RELEASE.jar:/Users/tzhmufl2/.m2/repository/aopalliance/aopalliance/1.0/aopalliance-1.0.jar:/Users/tzhmufl2/.m2/repository/org/springframework/spring-beans/3.1.4.RELEASE/spring-beans-3.1.4.RELEASE.jar:/Users/tzhmufl2/.m2/repository/org/springframework/spring-aspects/3.1.4.RELEASE/spring-aspects-3.1.4.RELEASE.jar:/Users/tzhmufl2/.m2/repository/org/springframework/spring-core/3.1.4.RELEASE/spring-core-3.1.4.RELEASE.jar:/Users/tzhmufl2/.m2/repository/org/springframework/spring-expression/3.1.4.RELEASE/spring-expression-3.1.4.RELEASE.jar:/Users/tzhmufl2/.m2/repository/org/springframework/data/spring-data-commons/1.5.0.RELEASE/spring-data-commons-1.5.0.RELEASE.jar:/Users/tzhmufl2/.m2/repository/org/neo4j/neo4j-cypher-dsl/1.9.M04/neo4j-cypher-dsl-1.9.M04.jar:/Users/tzhmufl2/.m2/repository/org/neo4j/neo4j/1.8.1/neo4j-1.8.1.jar:/Users/tzhmufl2/.m2/repository/org/neo4j/neo4j-kernel/1.8.1/neo4j-kernel-1.8.1.jar:/Users/tzhmufl2/.m2/repository/org/apache/geronimo/specs/geronimo-jta_1.1_spec/1.1.1/geronimo-jta_1.1_spec-1.1.1.jar:/Users/tzhmufl2/.m2/repository/org/neo4j/neo4j-lucene-index/1.8.1/neo4j-lucene-index-1.8.1.jar:/Users/tzhmufl2/.m2/repository/org/apache/lucene/lucene-core/3.5.0/lucene-core-3.5.0.jar:/Users/tzhmufl2/.m2/repository/org/neo4j/neo4j-graph-algo/1.8.1/neo4j-graph-algo-1.8.1.jar:/Users/tzhmufl2/.m2/repository/org/neo4j/neo4j-udc/1.8.1/neo4j-udc-1.8.1.jar:/Users/tzhmufl2/.m2/repository/org/neo4j/neo4j-graph-matching/1.8.1/neo4j-graph-matching-1.8.1.jar:/Users/tzhmufl2/.m2/repository/org/neo4j/neo4j-jmx/1.8.1/neo4j-jmx-1.8.1.jar:/Users/tzhmufl2/.m2/repository/org/neo4j/neo4j-cypher/1.8.1/neo4j-cypher-1.8.1.jar:/Users/tzhmufl2/.m2/repository/org/scala-lang/scala-library/2.9.1-1/scala-library-2.9.1-1.jar:/Users/tzhmufl2/.m2/repository/com/googlecode/concurrentlinkedhashmap/concurrentlinkedhashmap-lru/1.3.1/concurrentlinkedhashmap-lru-1.3.1.jar:/Users/tzhmufl2/.m2/repository/org/slf4j/slf4j-api/1.7.1/slf4j-api-1.7.1.jar:/Users/tzhmufl2/.m2/repository/org/slf4j/jcl-over-slf4j/1.7.1/jcl-over-slf4j-1.7.1.jar:/Users/tzhmufl2/.m2/repository/org/springframework/spring-test/2.5/spring-test-2.5.jar:/Users/tzhmufl2/.m2/repository/commons-logging/commons-logging/1.1/commons-logging-1.1.jar:/Users/tzhmufl2/.m2/repository/org/springframework/spring-context/3.1.1.RELEASE/spring-context-3.1.1.RELEASE.jar:/Users/tzhmufl2/.m2/repository/org/springframework/spring-aop/3.1.1.RELEASE/spring-aop-3.1.1.RELEASE.jar:/Users/tzhmufl2/.m2/repository/org/springframework/spring-asm/3.1.1.RELEASE/spring-asm-3.1.1.RELEASE.jar:/Users/tzhmufl2/.m2/repository/org/springframework/spring-webmvc/3.1.1.RELEASE/spring-webmvc-3.1.1.RELEASE.jar:/Users/tzhmufl2/.m2/repository/org/springframework/spring-context-support/3.1.1.RELEASE/spring-context-support-3.1.1.RELEASE.jar:/Users/tzhmufl2/.m2/repository/org/springframework/spring-web/3.1.1.RELEASE/spring-web-3.1.1.RELEASE.jar:/Users/tzhmufl2/.m2/repository/org/aspectj/aspectjrt/1.6.10/aspectjrt-1.6.10.jar:/Users/tzhmufl2/.m2/repository/log4j/log4j/1.2.15/log4j-1.2.15.jar:/Users/tzhmufl2/.m2/repository/javax/inject/javax.inject/1/javax.inject-1.jar:/Users/tzhmufl2/.m2/repository/javax/servlet/servlet-api/2.5/servlet-api-2.5.jar:/Users/tzhmufl2/.m2/repository/javax/servlet/jsp/jsp-api/2.1/jsp-api-2.1.jar:/Users/tzhmufl2/.m2/repository/javax/servlet/jstl/1.2/jstl-1.2.jar:/Users/tzhmufl2/.m2/repository/junit/junit/4.4/junit-4.4.jar:/Users/tzhmufl2/.m2/repository/cglib/cglib/2.2.2/cglib-2.2.2.jar:/Users/tzhmufl2/.m2/repository/org/hibernate/hibernate-validator/4.3.1.Final/hibernate-validator-4.3.1.Final.jar:/Users/tzhmufl2/.m2/repository/javax/validation/validation-api/1.0.0.GA/validation-api-1.0.0.GA.jar:/Users/tzhmufl2/.m2/repository/org/jboss/logging/jboss-logging/3.1.0.CR2/jboss-logging-3.1.0.CR2.jar:/Users/tzhmufl2/.m2/repository/com/github/jsimone/webapp-runner/7.0.22.3/webapp-runner-7.0.22.3.jar:/Users/tzhmufl2/.m2/repository/org/apache/tomcat/embed/tomcat-embed-core/7.0.22/tomcat-embed-core-7.0.22.jar:/Users/tzhmufl2/.m2/repository/org/apache/tomcat/embed/tomcat-embed-logging-juli/7.0.22/tomcat-embed-logging-juli-7.0.22.jar:/Users/tzhmufl2/.m2/repository/org/apache/tomcat/embed/tomcat-embed-jasper/7.0.22/tomcat-embed-jasper-7.0.22.jar:/Users/tzhmufl2/.m2/repository/org/apache/tomcat/tomcat-jasper/7.0.22/tomcat-jasper-7.0.22.jar:/Users/tzhmufl2/.m2/repository/org/apache/tomcat/tomcat-servlet-api/7.0.22/tomcat-servlet-api-7.0.22.jar:/Users/tzhmufl2/.m2/repository/org/apache/tomcat/tomcat-juli/7.0.22/tomcat-juli-7.0.22.jar:/Users/tzhmufl2/.m2/repository/org/apache/tomcat/tomcat-el-api/7.0.22/tomcat-el-api-7.0.22.jar:/Users/tzhmufl2/.m2/repository/org/eclipse/jdt/core/compiler/ecj/3.7/ecj-3.7.jar:/Users/tzhmufl2/.m2/repository/org/apache/tomcat/tomcat-api/7.0.22/tomcat-api-7.0.22.jar:/Users/tzhmufl2/.m2/repository/org/apache/tomcat/tomcat-util/7.0.22/tomcat-util-7.0.22.jar:/Users/tzhmufl2/.m2/repository/org/apache/tomcat/tomcat-jasper-el/7.0.22/tomcat-jasper-el-7.0.22.jar:/Users/tzhmufl2/.m2/repository/org/apache/tomcat/tomcat-jsp-api/7.0.22/tomcat-jsp-api-7.0.22.jar:/Users/tzhmufl2/.m2/repository/de/javakaffee/msm/memcached-session-manager-tc7/1.6.1/memcached-session-manager-tc7-1.6.1.jar:/Users/tzhmufl2/.m2/repository/de/javakaffee/msm/memcached-session-manager/1.6.1/memcached-session-manager-1.6.1.jar:/Users/tzhmufl2/.m2/repository/spy/spymemcached/2.7.3/spymemcached-2.7.3.jar:/Users/tzhmufl2/.m2/repository/org/jboss/netty/netty/3.2.0.Final/netty-3.2.0.Final.jar:/Users/tzhmufl2/.m2/repository/commons-codec/commons-codec/1.5/commons-codec-1.5.jar:/Users/tzhmufl2/.m2/repository/org/apache/tomcat/tomcat-catalina/7.0.23/tomcat-catalina-7.0.23.jar:/Users/tzhmufl2/.m2/repository/org/apache/tomcat/tomcat-annotations-api/7.0.23/tomcat-annotations-api-7.0.23.jar:/Users/tzhmufl2/.m2/repository/org/apache/tomcat/tomcat-catalina-ha/7.0.23/tomcat-catalina-ha-7.0.23.jar:/Users/tzhmufl2/.m2/repository/org/apache/tomcat/tomcat-tribes/7.0.23/tomcat-tribes-7.0.23.jar:/Users/tzhmufl2/.m2/repository/org/apache/tomcat/tomcat-coyote/7.0.23/tomcat-coyote-7.0.23.jar:/Users/tzhmufl2/.m2/repository/com/google/code/findbugs/jsr305/1.3.9/jsr305-1.3.9.jar:/Users/tzhmufl2/.m2/repository/com/google/code/findbugs/annotations/1.3.9/annotations-1.3.9.jar:/Users/tzhmufl2/.m2/repository/com/sun/jersey/contribs/jersey-spring/1.8/jersey-spring-1.8.jar:/Users/tzhmufl2/.m2/repository/org/neo4j/app/neo4j-server/1.8.2/neo4j-server-1.8.2.jar:/Users/tzhmufl2/.m2/repository/org/neo4j/server-api/1.8.2/server-api-1.8.2.jar:/Users/tzhmufl2/.m2/repository/org/neo4j/3rdparty/javax/ws/rs/jsr311-api/1.1.2.r612/jsr311-api-1.1.2.r612.jar:/Users/tzhmufl2/.m2/repository/ch/qos/logback/logback-classic/0.9.30/logback-classic-0.9.30.jar:/Users/tzhmufl2/.m2/repository/ch/qos/logback/logback-core/0.9.30/logback-core-0.9.30.jar:/Users/tzhmufl2/.m2/repository/ch/qos/logback/logback-access/0.9.30/logback-access-0.9.30.jar:/Users/tzhmufl2/.m2/repository/janino/janino/2.5.10/janino-2.5.10.jar:/Users/tzhmufl2/.m2/repository/org/mortbay/jetty/jetty/6.1.25/jetty-6.1.25.jar:/Users/tzhmufl2/.m2/repository/org/mortbay/jetty/jetty-util/6.1.25/jetty-util-6.1.25.jar:/Users/tzhmufl2/.m2/repository/org/mortbay/jetty/servlet-api/2.5-20081211/servlet-api-2.5-20081211.jar:/Users/tzhmufl2/.m2/repository/commons-configuration/commons-configuration/1.6/commons-configuration-1.6.jar:/Users/tzhmufl2/.m2/repository/commons-collections/commons-collections/3.2.1/commons-collections-3.2.1.jar:/Users/tzhmufl2/.m2/repository/commons-lang/commons-lang/2.4/commons-lang-2.4.jar:/Users/tzhmufl2/.m2/repository/commons-beanutils/commons-beanutils-core/1.8.0/commons-beanutils-core-1.8.0.jar:/Users/tzhmufl2/.m2/repository/commons-digester/commons-digester/1.8.1/commons-digester-1.8.1.jar:/Users/tzhmufl2/.m2/repository/commons-beanutils/commons-beanutils/1.8.0/commons-beanutils-1.8.0.jar:/Users/tzhmufl2/.m2/repository/commons-io/commons-io/1.4/commons-io-1.4.jar:/Users/tzhmufl2/.m2/repository/com/tinkerpop/gremlin/gremlin-groovy/1.5/gremlin-groovy-1.5.jar:/Users/tzhmufl2/.m2/repository/com/tinkerpop/gremlin/gremlin-java/1.5/gremlin-java-1.5.jar:/Users/tzhmufl2/.m2/repository/com/tinkerpop/pipes/1.0/pipes-1.0.jar:/Users/tzhmufl2/.m2/repository/org/codehaus/groovy/groovy/1.8.5/groovy-1.8.5.jar:/Users/tzhmufl2/.m2/repository/antlr/antlr/2.7.7/antlr-2.7.7.jar:/Users/tzhmufl2/.m2/repository/asm/asm-commons/3.2/asm-commons-3.2.jar:/Users/tzhmufl2/.m2/repository/asm/asm-util/3.2/asm-util-3.2.jar:/Users/tzhmufl2/.m2/repository/asm/asm-analysis/3.2/asm-analysis-3.2.jar:/Users/tzhmufl2/.m2/repository/asm/asm-tree/3.2/asm-tree-3.2.jar:/Users/tzhmufl2/.m2/repository/org/fusesource/jansi/jansi/1.5/jansi-1.5.jar:/Users/tzhmufl2/.m2/repository/com/tinkerpop/blueprints/blueprints-neo4j-graph/1.2/blueprints-neo4j-graph-1.2.jar:/Users/tzhmufl2/.m2/repository/com/tinkerpop/blueprints/blueprints-core/1.2/blueprints-core-1.2.jar:/Users/tzhmufl2/.m2/repository/org/rrd4j/rrd4j/2.0.7/rrd4j-2.0.7.jar:/Users/tzhmufl2/.m2/repository/com/sun/jersey/contribs/jersey-multipart/1.9/jersey-multipart-1.9.jar:/Users/tzhmufl2/.m2/repository/org/jvnet/mimepull/1.6/mimepull-1.6.jar:/Users/tzhmufl2/.m2/repository/org/neo4j/neo4j-shell/1.8.2/neo4j-shell-1.8.2.jar:/Users/tzhmufl2/.m2/repository/org/apache/servicemix/bundles/org.apache.servicemix.bundles.jline/0.9.94_1/org.apache.servicemix.bundles.jline-0.9.94_1.jar:/Users/tzhmufl2/.m2/repository/bouncycastle/bcprov-jdk16/140/bcprov-jdk16-140.jar:/Users/tzhmufl2/.m2/repository/org/neo4j/app/neo4j-server/1.8.2/neo4j-server-1.8.2-static-web.jar:"/>
    <property name="java.vm.specification.version" value="1.0"/>
    <property name="sun.arch.data.model" value="64"/>
    <property name="java.home" value="/System/Library/Java/JavaVirtualMachines/1.6.0.jdk/Contents/Home"/>
    <property name="sun.java.command" value="/var/folders/cp/jgr3b23d225fr26qvf6wvvfr0000gn/T/surefirebooter4906643386979582965.jar /var/folders/cp/jgr3b23d225fr26qvf6wvvfr0000gn/T/surefire8724878090031649501tmp /var/folders/cp/jgr3b23d225fr26qvf6wvvfr0000gn/T/surefire7936271267911827694tmp"/>
    <property name="java.specification.vendor" value="Sun Microsystems Inc."/>
    <property name="user.language" value="de"/>
    <property name="awt.toolkit" value="apple.awt.CToolkit"/>
    <property name="java.vm.info" value="mixed mode"/>
    <property name="java.version" value="1.6.0_45"/>
    <property name="java.ext.dirs" value="/Library/Java/Extensions:/System/Library/Java/Extensions:/System/Library/Java/JavaVirtualMachines/1.6.0.jdk/Contents/Home/lib/ext"/>
    <property name="sun.boot.class.path" value="/System/Library/Java/JavaVirtualMachines/1.6.0.jdk/Contents/Classes/jsfd.jar:/System/Library/Java/JavaVirtualMachines/1.6.0.jdk/Contents/Classes/classes.jar:/System/Library/Frameworks/JavaVM.framework/Frameworks/JavaRuntimeSupport.framework/Resources/Java/JavaRuntimeSupport.jar:/System/Library/Java/JavaVirtualMachines/1.6.0.jdk/Contents/Classes/ui.jar:/System/Library/Java/JavaVirtualMachines/1.6.0.jdk/Contents/Classes/laf.jar:/System/Library/Java/JavaVirtualMachines/1.6.0.jdk/Contents/Classes/sunrsasign.jar:/System/Library/Java/JavaVirtualMachines/1.6.0.jdk/Contents/Classes/jsse.jar:/System/Library/Java/JavaVirtualMachines/1.6.0.jdk/Contents/Classes/jce.jar:/System/Library/Java/JavaVirtualMachines/1.6.0.jdk/Contents/Classes/charsets.jar"/>
    <property name="java.vendor" value="Apple Inc."/>
    <property name="localRepository" value="/Users/tzhmufl2/.m2/repository"/>
    <property name="file.separator" value="/"/>
    <property name="java.vendor.url.bug" value="http://bugreport.apple.com/"/>
    <property name="sun.cpu.endian" value="little"/>
    <property name="sun.io.unicode.encoding" value="UnicodeLittle"/>
    <property name="mrj.version" value="1070.1.6.0_45-451"/>
    <property name="sun.cpu.isalist" value=""/>
  </properties>
  <testcase time="0.344" classname="com.kiteflo.simpsons.testcases.TestPopulation" name="testPopulateSimpsonsCore"/>
</testsuite>